<?xml version="1.0" encoding="UTF-8"?>
<testng-results skipped="0" failed="0" ignored="0" total="1" passed="1">
  <reporter-output>
  </reporter-output>
  <suite name="Default suite" duration-ms="14354" started-at="2019-10-24T07:04:33Z" finished-at="2019-10-24T07:04:48Z">
    <groups>
    </groups>
    <test name="Default test" duration-ms="14354" started-at="2019-10-24T07:04:33Z" finished-at="2019-10-24T07:04:48Z">
      <class name="com.nbg.testcases.FlightSearchTest">
        <test-method status="PASS" signature="flightSearchTest()[pri:0, instance:com.nbg.testcases.FlightSearchTest@e25b2fe]" name="flightSearchTest" duration-ms="14235" started-at="2019-10-24T07:04:33Z" finished-at="2019-10-24T07:04:48Z">
          <reporter-output>
          </reporter-output>
        </test-method> <!-- flightSearchTest -->
      </class> <!-- com.nbg.testcases.FlightSearchTest -->
    </test> <!-- Default test -->
  </suite> <!-- Default suite -->
</testng-results>
